[debug] [2024-10-02T10:17:48.473Z] ----------------------------------------------------------------------
[debug] [2024-10-02T10:17:48.475Z] Command:       D:\Aditya\Aditya\nodeJS\node.exe C:\Users\Aditya\AppData\Roaming\npm\node_modules\firebase-tools\lib\bin\firebase.js init
[debug] [2024-10-02T10:17:48.476Z] CLI Version:   13.20.2
[debug] [2024-10-02T10:17:48.476Z] Platform:      win32
[debug] [2024-10-02T10:17:48.476Z] Node Version:  v20.11.0
[debug] [2024-10-02T10:17:48.476Z] Time:          Wed Oct 02 2024 15:47:48 GMT+0530 (India Standard Time)
[debug] [2024-10-02T10:17:48.476Z] ----------------------------------------------------------------------
[debug] 
[debug] [2024-10-02T10:17:48.548Z] > command requires scopes: ["email","openid","https://www.googleapis.com/auth/cloudplatformprojects.readonly","https://www.googleapis.com/auth/firebase","https://www.googleapis.com/auth/cloud-platform"]
[debug] [2024-10-02T10:17:48.549Z] > authorizing via signed-in user (adityanagtilak9050@gmail.com)
[info] 
     ######## #### ########  ######## ########     ###     ######  ########
     ##        ##  ##     ## ##       ##     ##  ##   ##  ##       ##
     ######    ##  ########  ######   ########  #########  ######  ######
     ##        ##  ##    ##  ##       ##     ## ##     ##       ## ##
     ##       #### ##     ## ######## ########  ##     ##  ######  ########

You're about to initialize a Firebase project in this directory:

  d:\New_project

Before we get started, keep in mind:

  * You are initializing within an existing Firebase project directory

[info] 
=== Project Setup
[info] 
[info] First, let's associate this project directory with a Firebase project.
[info] You can create multiple project aliases by running firebase use --add, 
[info] but for now we'll just set up a default project.
[info] 
[debug] [2024-10-02T10:18:01.183Z] Using project from CLI flag: my-crud-app-3d574
[debug] [2024-10-02T10:18:01.185Z] Checked if tokens are valid: false, expires at: 1727861266328
[debug] [2024-10-02T10:18:01.185Z] Checked if tokens are valid: false, expires at: 1727861266328
[debug] [2024-10-02T10:18:01.185Z] > refreshing access token with scopes: []
[debug] [2024-10-02T10:18:01.187Z] >>> [apiv2][query] POST https://www.googleapis.com/oauth2/v3/token [none]
[debug] [2024-10-02T10:18:01.187Z] >>> [apiv2][body] POST https://www.googleapis.com/oauth2/v3/token [omitted]
[debug] [2024-10-02T10:18:03.756Z] <<< [apiv2][status] POST https://www.googleapis.com/oauth2/v3/token 200
[debug] [2024-10-02T10:18:03.756Z] <<< [apiv2][body] POST https://www.googleapis.com/oauth2/v3/token [omitted]
[debug] [2024-10-02T10:18:03.773Z] >>> [apiv2][query] GET https://firebase.googleapis.com/v1beta1/projects/my-crud-app-3d574 [none]
[debug] [2024-10-02T10:18:05.005Z] <<< [apiv2][status] GET https://firebase.googleapis.com/v1beta1/projects/my-crud-app-3d574 200
[debug] [2024-10-02T10:18:05.006Z] <<< [apiv2][body] GET https://firebase.googleapis.com/v1beta1/projects/my-crud-app-3d574 {"projectId":"my-crud-app-3d574","projectNumber":"64022356941","displayName":"my-crud-app","name":"projects/my-crud-app-3d574","resources":{"hostingSite":"my-crud-app-3d574","realtimeDatabaseInstance":"my-crud-app-3d574-default-rtdb"},"state":"ACTIVE","etag":"1_9100f4cd-34d4-4ba6-b5b7-1d9039984406"}
[info] i  Using project my-crud-app-3d574 (my-crud-app) 
[info] 
=== Dataconnect Setup
[debug] [2024-10-02T10:18:05.018Z] Checked if tokens are valid: true, expires at: 1727867882756
[debug] [2024-10-02T10:18:05.018Z] Checked if tokens are valid: true, expires at: 1727867882756
[debug] [2024-10-02T10:18:05.018Z] >>> [apiv2][query] GET https://cloudbilling.googleapis.com/v1/projects/my-crud-app-3d574/billingInfo [none]
[debug] [2024-10-02T10:18:06.488Z] <<< [apiv2][status] GET https://cloudbilling.googleapis.com/v1/projects/my-crud-app-3d574/billingInfo 200
[debug] [2024-10-02T10:18:06.489Z] <<< [apiv2][body] GET https://cloudbilling.googleapis.com/v1/projects/my-crud-app-3d574/billingInfo {"name":"projects/my-crud-app-3d574/billingInfo","projectId":"my-crud-app-3d574","billingAccountName":"","billingEnabled":false}
[info] i  dataconnect: ensuring required API sqladmin.googleapis.com is enabled... 
[debug] [2024-10-02T10:18:06.490Z] Checked if tokens are valid: true, expires at: 1727867882756
[debug] [2024-10-02T10:18:06.490Z] Checked if tokens are valid: true, expires at: 1727867882756
[debug] [2024-10-02T10:18:06.490Z] >>> [apiv2][query] GET https://serviceusage.googleapis.com/v1/projects/my-crud-app-3d574/services/sqladmin.googleapis.com [none]
[debug] [2024-10-02T10:18:06.490Z] >>> [apiv2][(partial)header] GET https://serviceusage.googleapis.com/v1/projects/my-crud-app-3d574/services/sqladmin.googleapis.com x-goog-quota-user=projects/my-crud-app-3d574
[debug] [2024-10-02T10:18:08.635Z] <<< [apiv2][status] GET https://serviceusage.googleapis.com/v1/projects/my-crud-app-3d574/services/sqladmin.googleapis.com 200
[debug] [2024-10-02T10:18:08.635Z] <<< [apiv2][body] GET https://serviceusage.googleapis.com/v1/projects/my-crud-app-3d574/services/sqladmin.googleapis.com [omitted]
[info] +  dataconnect: required API sqladmin.googleapis.com is enabled 
[info] i  Setting placeholder values in dataconnect.yaml. You can edit these before you deploy to specify different IDs or regions. 
[info] +  Wrote dataconnect\dataconnect.yaml 
[info] +  Wrote dataconnect\schema\schema.gql 
[info] +  Wrote dataconnect\connector\connector.yaml 
[info] +  Wrote dataconnect\connector\queries.gql 
[info] +  Wrote dataconnect\connector\mutations.gql 
[info] +  Detected WEB app in directory d:\New_project\task-manager-frontend 
[info] i  Wrote new config to d:\New_project\dataconnect\connector/connector.yaml 
[info] I1002 15:48:42.011166   20400 codegen.go:82] [connector "default" javascriptSdk] Generating sources into "d:\\New_project\\task-manager-frontend\\generated\\javascript\\default"
I1002 15:48:42.012196   20400 generate.go:40] Generated all sources. Writing them to disk...
I1002 15:48:42.013293   20400 collector.go:107] connector "default" javascriptSdk wrote into "d:\\New_project\\task-manager-frontend\\generated\\javascript\\default"
Generated sources: index.d.ts [264B] esm\index.esm.js [194B] esm\package.json [17B] index.cjs.js [235B] package.json [613B] 
I1002 15:48:42.026704   20400 installsdk.go:79] Running command: D:\Aditya\Aditya\nodeJS\npm.cmd install file:generated\javascript\default

[info] i  Generated SDK code for default 
[info] +  If you'd like to generate additional SDKs later, run firebase init dataconnect:sdk 
[info] 
[info] 
=== Firestore Setup
[debug] [2024-10-02T10:18:56.506Z] Checked if tokens are valid: true, expires at: 1727867882756
[debug] [2024-10-02T10:18:56.507Z] Checked if tokens are valid: true, expires at: 1727867882756
[debug] [2024-10-02T10:18:56.507Z] >>> [apiv2][query] GET https://serviceusage.googleapis.com/v1/projects/my-crud-app-3d574/services/firestore.googleapis.com [none]
[debug] [2024-10-02T10:18:56.507Z] >>> [apiv2][(partial)header] GET https://serviceusage.googleapis.com/v1/projects/my-crud-app-3d574/services/firestore.googleapis.com x-goog-quota-user=projects/my-crud-app-3d574
[debug] [2024-10-02T10:18:58.641Z] <<< [apiv2][status] GET https://serviceusage.googleapis.com/v1/projects/my-crud-app-3d574/services/firestore.googleapis.com 200
[debug] [2024-10-02T10:18:58.641Z] <<< [apiv2][body] GET https://serviceusage.googleapis.com/v1/projects/my-crud-app-3d574/services/firestore.googleapis.com [omitted]
[debug] [2024-10-02T10:19:03.658Z] Error: Timed out.
    at Timeout._onTimeout (C:\Users\Aditya\AppData\Roaming\npm\node_modules\firebase-tools\lib\utils.js:268:49)
    at listOnTimeout (node:internal/timers:573:17)
    at process.processTimers (node:internal/timers:514:7)
[error] 
[error] Error: An unexpected error has occurred.
